<?xml version="1.0" encoding="UTF-8"?>
<!-- Generated by org.testng.reporters.JUnitXMLReporter -->
<testsuite hostname="Family-PC" name="suie 2 data driven com.cyclos.Personal_Page" tests="1" failures="0" timestamp="26 Nov 2015 18:56:17 GMT" time="0.011" errors="0">
  <testcase name="@BeforeSuite beforeSuite" time="0.0" classname="com.cyclos.suite2.Personal_Page">
    <failure type="org.openqa.selenium.WebDriverException" message="a is undefined
Command duration or timeout: 1.49 seconds
Build info: version: &amp;apos;2.47.1&amp;apos;, revision: &amp;apos;411b314&amp;apos;, time: &amp;apos;2015-07-30 02:56:46&amp;apos;
System info: host: &amp;apos;Family-PC&amp;apos;, ip: &amp;apos;192.168.0.16&amp;apos;, os.name: &amp;apos;Windows 8.1&amp;apos;, os.arch: &amp;apos;amd64&amp;apos;, os.version: &amp;apos;6.3&amp;apos;, java.version: &amp;apos;1.8.0_60&amp;apos;
Driver info: org.openqa.selenium.firefox.FirefoxDriver
Capabilities [{applicationCacheEnabled=true, rotatable=false, handlesAlerts=true, databaseEnabled=true, version=42.0, platform=WINDOWS, nativeEvents=false, acceptSslCerts=true, webStorageEnabled=true, locationContextEnabled=true, browserName=firefox, takesScreenshot=true, javascriptEnabled=true, cssSelectorsEnabled=true}]
Session ID: 1f3a862e-b516-4110-b01a-8d189374d6d7">
      <![CDATA[org.openqa.selenium.WebDriverException: a is undefined
Command duration or timeout: 1.49 seconds
Build info: version: '2.47.1', revision: '411b314', time: '2015-07-30 02:56:46'
System info: host: 'Family-PC', ip: '192.168.0.16', os.name: 'Windows 8.1', os.arch: 'amd64', os.version: '6.3', java.version: '1.8.0_60'
Driver info: org.openqa.selenium.firefox.FirefoxDriver
Capabilities [{applicationCacheEnabled=true, rotatable=false, handlesAlerts=true, databaseEnabled=true, version=42.0, platform=WINDOWS, nativeEvents=false, acceptSslCerts=true, webStorageEnabled=true, locationContextEnabled=true, browserName=firefox, takesScreenshot=true, javascriptEnabled=true, cssSelectorsEnabled=true}]
Session ID: 1f3a862e-b516-4110-b01a-8d189374d6d7
	at org.openqa.selenium.remote.ErrorHandler.createThrowable(ErrorHandler.java:206)
	at org.openqa.selenium.remote.ErrorHandler.throwIfResponseFailed(ErrorHandler.java:158)
	at org.openqa.selenium.remote.RemoteWebDriver.execute(RemoteWebDriver.java:595)
	at org.openqa.selenium.remote.RemoteWebElement.execute(RemoteWebElement.java:273)
	at org.openqa.selenium.remote.RemoteWebElement.sendKeys(RemoteWebElement.java:94)
	at org.openqa.selenium.support.events.EventFiringWebDriver$EventFiringWebElement$1.invoke(EventFiringWebDriver.java:332)
	at com.sun.proxy.$Proxy12.sendKeys(Unknown Source)
	at org.openqa.selenium.support.events.EventFiringWebDriver$EventFiringWebElement.sendKeys(EventFiringWebDriver.java:355)
	at com.cyclos.util.TestUtil.dodemoLogin(TestUtil.java:54)
	at com.cyclos.suite1.DataDrivenTests.beforeSuite(DataDrivenTests.java:30)
Caused by: org.openqa.selenium.WebDriverException: a is undefined
Build info: version: '2.47.1', revision: '411b314', time: '2015-07-30 02:56:46'
System info: host: 'Family-PC', ip: '192.168.0.16', os.name: 'Windows 8.1', os.arch: 'amd64', os.version: '6.3', java.version: '1.8.0_60'
Driver info: driver.version: unknown
	at <anonymous class>.wdSession.prototype.setWindow(file:///C:/Users/BHARAT~1.RAM/AppData/Local/Temp/anonymous3002461168849583603webdriver-profile/extensions/fxdriver@googlecode.com/components/session.js:5031)
	at <anonymous class>.wdSession.prototype.getWindow(file:///C:/Users/BHARAT~1.RAM/AppData/Local/Temp/anonymous3002461168849583603webdriver-profile/extensions/fxdriver@googlecode.com/components/session.js:5011)
	at <anonymous class>.wdSession.prototype.getDocument(file:///C:/Users/BHARAT~1.RAM/AppData/Local/Temp/anonymous3002461168849583603webdriver-profile/extensions/fxdriver@googlecode.com/components/session.js:5018)
	at <anonymous class>.WebElement.sendKeysToElement/<(file:///C:/Users/BHARAT~1.RAM/AppData/Local/Temp/anonymous3002461168849583603webdriver-profile/extensions/fxdriver@googlecode.com/components/command-processor.js:12105)
	at <anonymous class>.fxdriver.Timer.prototype.setTimeout/<.notify(file:///C:/Users/BHARAT~1.RAM/AppData/Local/Temp/anonymous3002461168849583603webdriver-profile/extensions/fxdriver@googlecode.com/components/driver-component.js:623)
... Removed 26 stack frames]]>
    </failure>
  </testcase> <!-- @BeforeSuite beforeSuite -->
  <testcase name="changeProfilePic" time="0.003" classname="com.cyclos.suite2.Personal_Page">
    <skipped/>
  </testcase> <!-- changeProfilePic -->
</testsuite> <!-- suie 2 data driven com.cyclos.Personal_Page -->
