<?xml version="1.0" encoding="UTF-8"?>
<testng-results skipped="12" failed="1" total="13" passed="0">
  <reporter-output>
  </reporter-output>
  <suite name="Cyclos TestNG Project" duration-ms="953" started-at="2015-11-26T18:56:16Z" finished-at="2015-11-26T18:56:17Z">
    <groups>
      <group name="paymentTest">
        <method signature="DataDrivenTests.payment_to_contact()[pri:0, instance:com.cyclos.suite1.DataDrivenTests@2acf57e3]" name="payment_to_contact" class="com.cyclos.suite1.DataDrivenTests"/>
      </group> <!-- paymentTest -->
    </groups>
    <test name="suie 1 data driven com.cyclos.tests" duration-ms="87" started-at="2015-11-26T18:56:16Z" finished-at="2015-11-26T18:56:17Z">
      <class name="com.cyclos.suite1.DataDrivenTests">
        <test-method status="SKIP" signature="L1()[pri:0, instance:com.cyclos.suite1.DataDrivenTests@2acf57e3]" name="L1" is-config="true" duration-ms="0" started-at="2015-11-26T18:56:16Z" finished-at="2015-11-26T18:56:16Z">
          <reporter-output>
          </reporter-output>
        </test-method> <!-- L1 -->
        <test-method status="SKIP" signature="anotherTest()[pri:0, instance:com.cyclos.suite1.DataDrivenTests@2acf57e3]" name="anotherTest" duration-ms="4" started-at="2015-11-26T18:56:17Z" finished-at="2015-11-26T18:56:17Z">
          <reporter-output>
          </reporter-output>
        </test-method> <!-- anotherTest -->
        <test-method status="SKIP" signature="payment_to_contact()[pri:0, instance:com.cyclos.suite1.DataDrivenTests@2acf57e3]" name="payment_to_contact" duration-ms="7" started-at="2015-11-26T18:56:17Z" finished-at="2015-11-26T18:56:17Z">
          <reporter-output>
          </reporter-output>
        </test-method> <!-- payment_to_contact -->
        <test-method status="SKIP" signature="log_out()[pri:0, instance:com.cyclos.suite1.DataDrivenTests@2acf57e3]" name="log_out" is-config="true" duration-ms="0" started-at="2015-11-26T18:56:17Z" finished-at="2015-11-26T18:56:17Z">
          <reporter-output>
          </reporter-output>
        </test-method> <!-- log_out -->
      </class> <!-- com.cyclos.suite1.DataDrivenTests -->
    </test> <!-- suie 1 data driven com.cyclos.tests -->
    <test name="suie 1 homePage" duration-ms="19" started-at="2015-11-26T18:56:17Z" finished-at="2015-11-26T18:56:17Z">
      <class name="com.cyclos.suite1.Home_Page">
        <test-method status="SKIP" signature="checkForLinks()[pri:0, instance:com.cyclos.suite1.Home_Page@246ae04d]" name="checkForLinks" duration-ms="4" started-at="2015-11-26T18:56:17Z" finished-at="2015-11-26T18:56:17Z">
          <reporter-output>
          </reporter-output>
        </test-method> <!-- checkForLinks -->
        <test-method status="SKIP" signature="checkResponce()[pri:0, instance:com.cyclos.suite1.Home_Page@246ae04d]" name="checkResponce" duration-ms="1" started-at="2015-11-26T18:56:17Z" finished-at="2015-11-26T18:56:17Z">
          <reporter-output>
          </reporter-output>
        </test-method> <!-- checkResponce -->
      </class> <!-- com.cyclos.suite1.Home_Page -->
    </test> <!-- suie 1 homePage -->
    <test name="suie 1 pay user com.cyclos.tests" duration-ms="59" started-at="2015-11-26T18:56:17Z" finished-at="2015-11-26T18:56:17Z">
      <class name="com.cyclos.suite1.PayUser_Page">
        <test-method status="SKIP" signature="payUSerTest()[pri:0, instance:com.cyclos.suite1.PayUser_Page@77b52d12]" name="payUSerTest" is-config="true" duration-ms="0" started-at="2015-11-26T18:56:17Z" finished-at="2015-11-26T18:56:17Z">
          <reporter-output>
          </reporter-output>
        </test-method> <!-- payUSerTest -->
        <test-method status="SKIP" signature="checkRadioButtons()[pri:0, instance:com.cyclos.suite1.PayUser_Page@77b52d12]" name="checkRadioButtons" duration-ms="2" started-at="2015-11-26T18:56:17Z" finished-at="2015-11-26T18:56:17Z">
          <reporter-output>
          </reporter-output>
        </test-method> <!-- checkRadioButtons -->
        <test-method status="SKIP" signature="payUSerAfterMetnod()[pri:0, instance:com.cyclos.suite1.PayUser_Page@77b52d12]" name="payUSerAfterMetnod" is-config="true" duration-ms="0" started-at="2015-11-26T18:56:17Z" finished-at="2015-11-26T18:56:17Z">
          <reporter-output>
          </reporter-output>
        </test-method> <!-- payUSerAfterMetnod -->
        <test-method status="SKIP" signature="payUSerTest()[pri:0, instance:com.cyclos.suite1.PayUser_Page@77b52d12]" name="payUSerTest" is-config="true" duration-ms="0" started-at="2015-11-26T18:56:17Z" finished-at="2015-11-26T18:56:17Z">
          <reporter-output>
          </reporter-output>
        </test-method> <!-- payUSerTest -->
        <test-method status="SKIP" signature="docontactPayment()[pri:0, instance:com.cyclos.suite1.PayUser_Page@77b52d12]" name="docontactPayment" duration-ms="0" started-at="2015-11-26T18:56:17Z" finished-at="2015-11-26T18:56:17Z">
          <reporter-output>
          </reporter-output>
        </test-method> <!-- docontactPayment -->
        <test-method status="SKIP" signature="payUSerAfterMetnod()[pri:0, instance:com.cyclos.suite1.PayUser_Page@77b52d12]" name="payUSerAfterMetnod" is-config="true" duration-ms="0" started-at="2015-11-26T18:56:17Z" finished-at="2015-11-26T18:56:17Z">
          <reporter-output>
          </reporter-output>
        </test-method> <!-- payUSerAfterMetnod -->
        <test-method status="SKIP" signature="payUSerTest()[pri:0, instance:com.cyclos.suite1.PayUser_Page@77b52d12]" name="payUSerTest" is-config="true" duration-ms="0" started-at="2015-11-26T18:56:17Z" finished-at="2015-11-26T18:56:17Z">
          <reporter-output>
          </reporter-output>
        </test-method> <!-- payUSerTest -->
        <test-method status="SKIP" signature="dropdownTest()[pri:0, instance:com.cyclos.suite1.PayUser_Page@77b52d12]" name="dropdownTest" duration-ms="1" started-at="2015-11-26T18:56:17Z" finished-at="2015-11-26T18:56:17Z">
          <reporter-output>
          </reporter-output>
        </test-method> <!-- dropdownTest -->
        <test-method status="SKIP" signature="payUSerAfterMetnod()[pri:0, instance:com.cyclos.suite1.PayUser_Page@77b52d12]" name="payUSerAfterMetnod" is-config="true" duration-ms="0" started-at="2015-11-26T18:56:17Z" finished-at="2015-11-26T18:56:17Z">
          <reporter-output>
          </reporter-output>
        </test-method> <!-- payUSerAfterMetnod -->
        <test-method status="SKIP" signature="payUSerTest()[pri:0, instance:com.cyclos.suite1.PayUser_Page@77b52d12]" name="payUSerTest" is-config="true" duration-ms="0" started-at="2015-11-26T18:56:17Z" finished-at="2015-11-26T18:56:17Z">
          <reporter-output>
          </reporter-output>
        </test-method> <!-- payUSerTest -->
        <test-method status="SKIP" signature="paymentsTest()[pri:0, instance:com.cyclos.suite1.PayUser_Page@77b52d12]" name="paymentsTest" duration-ms="3" started-at="2015-11-26T18:56:17Z" finished-at="2015-11-26T18:56:17Z">
          <reporter-output>
          </reporter-output>
        </test-method> <!-- paymentsTest -->
        <test-method status="SKIP" signature="payUSerAfterMetnod()[pri:0, instance:com.cyclos.suite1.PayUser_Page@77b52d12]" name="payUSerAfterMetnod" is-config="true" duration-ms="0" started-at="2015-11-26T18:56:17Z" finished-at="2015-11-26T18:56:17Z">
          <reporter-output>
          </reporter-output>
        </test-method> <!-- payUSerAfterMetnod -->
      </class> <!-- com.cyclos.suite1.PayUser_Page -->
    </test> <!-- suie 1 pay user com.cyclos.tests -->
    <test name="suie 2 data driven com.cyclos.tests" duration-ms="252" started-at="2015-11-26T18:56:17Z" finished-at="2015-11-26T18:56:17Z">
      <class name="com.cyclos.suite2.SearchUserDataDrivenTest">
        <test-method status="SKIP" signature="init()[pri:0, instance:com.cyclos.suite2.SearchUserDataDrivenTest@6b143ee9]" name="init" is-config="true" duration-ms="0" started-at="2015-11-26T18:56:17Z" finished-at="2015-11-26T18:56:17Z">
          <reporter-output>
          </reporter-output>
        </test-method> <!-- init -->
        <test-method status="SKIP" signature="searchUser1(java.lang.String, java.lang.String)[pri:0, instance:com.cyclos.suite2.SearchUserDataDrivenTest@6b143ee9]" name="searchUser1" duration-ms="4" started-at="2015-11-26T18:56:17Z" data-provider="getData" finished-at="2015-11-26T18:56:17Z">
          <params>
            <param index="0">
              <value>
                <![CDATA[Y]]>
              </value>
            </param>
            <param index="1">
              <value>
                <![CDATA[user]]>
              </value>
            </param>
          </params>
          <reporter-output>
          </reporter-output>
        </test-method> <!-- searchUser1 -->
        <test-method status="SKIP" signature="searchUser1(java.lang.String, java.lang.String)[pri:0, instance:com.cyclos.suite2.SearchUserDataDrivenTest@6b143ee9]" name="searchUser1" duration-ms="1" started-at="2015-11-26T18:56:17Z" data-provider="getData" finished-at="2015-11-26T18:56:17Z">
          <params>
            <param index="0">
              <value>
                <![CDATA[Y]]>
              </value>
            </param>
            <param index="1">
              <value>
                <![CDATA[bharathi]]>
              </value>
            </param>
          </params>
          <reporter-output>
          </reporter-output>
        </test-method> <!-- searchUser1 -->
        <test-method status="SKIP" signature="searchUser1(java.lang.String, java.lang.String)[pri:0, instance:com.cyclos.suite2.SearchUserDataDrivenTest@6b143ee9]" name="searchUser1" duration-ms="1" started-at="2015-11-26T18:56:17Z" data-provider="getData" finished-at="2015-11-26T18:56:17Z">
          <params>
            <param index="0">
              <value>
                <![CDATA[Y]]>
              </value>
            </param>
            <param index="1">
              <value>
                <![CDATA[test]]>
              </value>
            </param>
          </params>
          <reporter-output>
          </reporter-output>
        </test-method> <!-- searchUser1 -->
      </class> <!-- com.cyclos.suite2.SearchUserDataDrivenTest -->
    </test> <!-- suie 2 data driven com.cyclos.tests -->
    <test name="suie 2 data driven com.cyclos.invaidLogin" duration-ms="15" started-at="2015-11-26T18:56:17Z" finished-at="2015-11-26T18:56:17Z">
      <class name="com.cyclos.suite2.InvalidLoginParaMeter">
        <test-method status="FAIL" signature="doInVaidLoginParam(java.lang.String, java.lang.String, java.lang.String)[pri:0, instance:com.cyclos.suite2.InvalidLoginParaMeter@67b6d4ae]" name="doInVaidLoginParam" duration-ms="0" started-at="2015-11-26T18:56:17Z" data-provider="getData" finished-at="2015-11-26T18:56:17Z">
          <exception class="java.lang.RuntimeException">
            <message>
              <![CDATA[java.lang.NullPointerException]]>
            </message>
            <full-stacktrace>
              <![CDATA[java.lang.RuntimeException: java.lang.NullPointerException
	at org.testng.internal.MethodInvocationHelper.invokeDataProvider(MethodInvocationHelper.java:161)
	at org.testng.internal.Parameters.handleParameters(Parameters.java:429)
	at org.testng.internal.Invoker.handleParameters(Invoker.java:1383)
	at org.testng.internal.Invoker.createParameters(Invoker.java:1075)
	at org.testng.internal.Invoker.invokeTestMethods(Invoker.java:1180)
	at org.testng.internal.TestMethodWorker.invokeTestMethods(TestMethodWorker.java:127)
	at org.testng.internal.TestMethodWorker.run(TestMethodWorker.java:111)
	at org.testng.TestRunner.privateRun(TestRunner.java:767)
	at org.testng.TestRunner.run(TestRunner.java:617)
	at org.testng.SuiteRunner.runTest(SuiteRunner.java:334)
	at org.testng.SuiteRunner.runSequentially(SuiteRunner.java:329)
	at org.testng.SuiteRunner.privateRun(SuiteRunner.java:291)
	at org.testng.SuiteRunner.run(SuiteRunner.java:240)
	at org.testng.SuiteRunnerWorker.runSuite(SuiteRunnerWorker.java:52)
	at org.testng.SuiteRunnerWorker.run(SuiteRunnerWorker.java:86)
	at org.testng.TestNG.runSuitesSequentially(TestNG.java:1224)
	at org.testng.TestNG.runSuitesLocally(TestNG.java:1149)
	at org.testng.TestNG.run(TestNG.java:1057)
	at org.testng.remote.RemoteTestNG.run(RemoteTestNG.java:115)
	at org.testng.remote.RemoteTestNG.initAndRun(RemoteTestNG.java:207)
	at org.testng.remote.RemoteTestNG.main(RemoteTestNG.java:178)
Caused by: java.lang.NullPointerException
	at com.cyclos.datatable.Xls_Reader.getRowCount(Xls_Reader.java:47)
	at com.cyclos.util.TestUtil.getData(TestUtil.java:95)
	at com.cyclos.suite2.InvalidLoginParaMeter.getData(InvalidLoginParaMeter.java:59)
	at sun.reflect.NativeMethodAccessorImpl.invoke0(Native Method)
	at sun.reflect.NativeMethodAccessorImpl.invoke(Unknown Source)
	at sun.reflect.DelegatingMethodAccessorImpl.invoke(Unknown Source)
	at java.lang.reflect.Method.invoke(Unknown Source)
	at org.testng.internal.MethodInvocationHelper.invokeMethod(MethodInvocationHelper.java:84)
	at org.testng.internal.MethodInvocationHelper.invokeDataProvider(MethodInvocationHelper.java:135)
	... 20 more
]]>
            </full-stacktrace>
          </exception> <!-- java.lang.RuntimeException -->
          <reporter-output>
          </reporter-output>
        </test-method> <!-- doInVaidLoginParam -->
      </class> <!-- com.cyclos.suite2.InvalidLoginParaMeter -->
    </test> <!-- suie 2 data driven com.cyclos.invaidLogin -->
    <test name="suie 2 data driven com.cyclos.Personal_Page" duration-ms="11" started-at="2015-11-26T18:56:17Z" finished-at="2015-11-26T18:56:17Z">
      <class name="com.cyclos.suite1.DataDrivenTests">
        <test-method status="SKIP" signature="afterSuite()[pri:0, instance:com.cyclos.suite1.DataDrivenTests@2acf57e3]" name="afterSuite" is-config="true" duration-ms="0" started-at="2015-11-26T18:56:17Z" finished-at="2015-11-26T18:56:17Z">
          <reporter-output>
          </reporter-output>
        </test-method> <!-- afterSuite -->
      </class> <!-- com.cyclos.suite1.DataDrivenTests -->
      <class name="com.cyclos.suite2.Personal_Page">
        <test-method status="PASS" signature="initialise()[pri:0, instance:com.cyclos.suite2.Personal_Page@36f6e879]" name="initialise" is-config="true" duration-ms="18001" started-at="2015-11-26T18:55:51Z" finished-at="2015-11-26T18:56:09Z">
          <reporter-output>
          </reporter-output>
        </test-method> <!-- initialise -->
        <test-method status="FAIL" signature="beforeSuite()[pri:0, instance:com.cyclos.suite1.DataDrivenTests@2acf57e3]" name="beforeSuite" is-config="true" duration-ms="0" started-at="2015-11-26T18:56:09Z" depends-on-methods="com.cyclos.tests.TestBase.initialise" finished-at="2015-11-26T18:56:09Z">
          <exception class="org.openqa.selenium.WebDriverException">
            <message>
              <![CDATA[a is undefined
Command duration or timeout: 1.49 seconds
Build info: version: '2.47.1', revision: '411b314', time: '2015-07-30 02:56:46'
System info: host: 'Family-PC', ip: '192.168.0.16', os.name: 'Windows 8.1', os.arch: 'amd64', os.version: '6.3', java.version: '1.8.0_60'
Driver info: org.openqa.selenium.firefox.FirefoxDriver
Capabilities [{applicationCacheEnabled=true, rotatable=false, handlesAlerts=true, databaseEnabled=true, version=42.0, platform=WINDOWS, nativeEvents=false, acceptSslCerts=true, webStorageEnabled=true, locationContextEnabled=true, browserName=firefox, takesScreenshot=true, javascriptEnabled=true, cssSelectorsEnabled=true}]
Session ID: 1f3a862e-b516-4110-b01a-8d189374d6d7]]>
            </message>
            <full-stacktrace>
              <![CDATA[org.openqa.selenium.WebDriverException: a is undefined
Command duration or timeout: 1.49 seconds
Build info: version: '2.47.1', revision: '411b314', time: '2015-07-30 02:56:46'
System info: host: 'Family-PC', ip: '192.168.0.16', os.name: 'Windows 8.1', os.arch: 'amd64', os.version: '6.3', java.version: '1.8.0_60'
Driver info: org.openqa.selenium.firefox.FirefoxDriver
Capabilities [{applicationCacheEnabled=true, rotatable=false, handlesAlerts=true, databaseEnabled=true, version=42.0, platform=WINDOWS, nativeEvents=false, acceptSslCerts=true, webStorageEnabled=true, locationContextEnabled=true, browserName=firefox, takesScreenshot=true, javascriptEnabled=true, cssSelectorsEnabled=true}]
Session ID: 1f3a862e-b516-4110-b01a-8d189374d6d7
	at sun.reflect.NativeConstructorAccessorImpl.newInstance0(Native Method)
	at sun.reflect.NativeConstructorAccessorImpl.newInstance(Unknown Source)
	at sun.reflect.DelegatingConstructorAccessorImpl.newInstance(Unknown Source)
	at java.lang.reflect.Constructor.newInstance(Unknown Source)
	at org.openqa.selenium.remote.ErrorHandler.createThrowable(ErrorHandler.java:206)
	at org.openqa.selenium.remote.ErrorHandler.throwIfResponseFailed(ErrorHandler.java:158)
	at org.openqa.selenium.remote.RemoteWebDriver.execute(RemoteWebDriver.java:595)
	at org.openqa.selenium.remote.RemoteWebElement.execute(RemoteWebElement.java:273)
	at org.openqa.selenium.remote.RemoteWebElement.sendKeys(RemoteWebElement.java:94)
	at sun.reflect.NativeMethodAccessorImpl.invoke0(Native Method)
	at sun.reflect.NativeMethodAccessorImpl.invoke(Unknown Source)
	at sun.reflect.DelegatingMethodAccessorImpl.invoke(Unknown Source)
	at java.lang.reflect.Method.invoke(Unknown Source)
	at org.openqa.selenium.support.events.EventFiringWebDriver$EventFiringWebElement$1.invoke(EventFiringWebDriver.java:332)
	at com.sun.proxy.$Proxy12.sendKeys(Unknown Source)
	at org.openqa.selenium.support.events.EventFiringWebDriver$EventFiringWebElement.sendKeys(EventFiringWebDriver.java:355)
	at com.cyclos.util.TestUtil.dodemoLogin(TestUtil.java:54)
	at com.cyclos.suite1.DataDrivenTests.beforeSuite(DataDrivenTests.java:30)
	at sun.reflect.NativeMethodAccessorImpl.invoke0(Native Method)
	at sun.reflect.NativeMethodAccessorImpl.invoke(Unknown Source)
	at sun.reflect.DelegatingMethodAccessorImpl.invoke(Unknown Source)
	at java.lang.reflect.Method.invoke(Unknown Source)
	at org.testng.internal.MethodInvocationHelper.invokeMethod(MethodInvocationHelper.java:84)
	at org.testng.internal.Invoker.invokeConfigurationMethod(Invoker.java:564)
	at org.testng.internal.Invoker.invokeConfigurations(Invoker.java:213)
	at org.testng.internal.Invoker.invokeConfigurations(Invoker.java:138)
	at org.testng.SuiteRunner.privateRun(SuiteRunner.java:277)
	at org.testng.SuiteRunner.run(SuiteRunner.java:240)
	at org.testng.SuiteRunnerWorker.runSuite(SuiteRunnerWorker.java:52)
	at org.testng.SuiteRunnerWorker.run(SuiteRunnerWorker.java:86)
	at org.testng.TestNG.runSuitesSequentially(TestNG.java:1224)
	at org.testng.TestNG.runSuitesLocally(TestNG.java:1149)
	at org.testng.TestNG.run(TestNG.java:1057)
	at org.testng.remote.RemoteTestNG.run(RemoteTestNG.java:115)
	at org.testng.remote.RemoteTestNG.initAndRun(RemoteTestNG.java:207)
	at org.testng.remote.RemoteTestNG.main(RemoteTestNG.java:178)
Caused by: org.openqa.selenium.WebDriverException: a is undefined
Build info: version: '2.47.1', revision: '411b314', time: '2015-07-30 02:56:46'
System info: host: 'Family-PC', ip: '192.168.0.16', os.name: 'Windows 8.1', os.arch: 'amd64', os.version: '6.3', java.version: '1.8.0_60'
Driver info: driver.version: unknown
	at <anonymous class>.wdSession.prototype.setWindow(file:///C:/Users/BHARAT~1.RAM/AppData/Local/Temp/anonymous3002461168849583603webdriver-profile/extensions/fxdriver@googlecode.com/components/session.js:5031)
	at <anonymous class>.wdSession.prototype.getWindow(file:///C:/Users/BHARAT~1.RAM/AppData/Local/Temp/anonymous3002461168849583603webdriver-profile/extensions/fxdriver@googlecode.com/components/session.js:5011)
	at <anonymous class>.wdSession.prototype.getDocument(file:///C:/Users/BHARAT~1.RAM/AppData/Local/Temp/anonymous3002461168849583603webdriver-profile/extensions/fxdriver@googlecode.com/components/session.js:5018)
	at <anonymous class>.WebElement.sendKeysToElement/<(file:///C:/Users/BHARAT~1.RAM/AppData/Local/Temp/anonymous3002461168849583603webdriver-profile/extensions/fxdriver@googlecode.com/components/command-processor.js:12105)
	at <anonymous class>.fxdriver.Timer.prototype.setTimeout/<.notify(file:///C:/Users/BHARAT~1.RAM/AppData/Local/Temp/anonymous3002461168849583603webdriver-profile/extensions/fxdriver@googlecode.com/components/driver-component.js:623)
]]>
            </full-stacktrace>
          </exception> <!-- org.openqa.selenium.WebDriverException -->
          <reporter-output>
          </reporter-output>
        </test-method> <!-- beforeSuite -->
        <test-method status="SKIP" signature="changeProfilePic()[pri:0, instance:com.cyclos.suite2.Personal_Page@36f6e879]" name="changeProfilePic" duration-ms="3" started-at="2015-11-26T18:56:17Z" finished-at="2015-11-26T18:56:17Z">
          <reporter-output>
          </reporter-output>
        </test-method> <!-- changeProfilePic -->
      </class> <!-- com.cyclos.suite2.Personal_Page -->
    </test> <!-- suie 2 data driven com.cyclos.Personal_Page -->
  </suite> <!-- Cyclos TestNG Project -->
</testng-results>
